TN:
SF:src\Home\Home.tsx
FN:14,(anonymous_0)
FN:19,(anonymous_1)
FNF:2
FNH:2
FNDA:8,(anonymous_0)
FNDA:2,(anonymous_1)
DA:14,2
DA:15,8
DA:17,8
DA:19,8
DA:20,2
DA:25,2
DA:28,8
DA:52,2
LF:8
LH:8
BRDA:22,0,0,2
BRDA:22,0,1,0
BRDA:82,1,0,2
BRDA:82,1,1,0
BRF:4
BRH:2
end_of_record
TN:
SF:src\components\TaskList\index.tsx
FN:5,TaskList
FN:7,(anonymous_1)
FN:12,(anonymous_2)
FN:21,(anonymous_3)
FN:22,(anonymous_4)
FN:25,(anonymous_5)
FNF:6
FNH:5
FNDA:8,TaskList
FNDA:1,(anonymous_1)
FNDA:0,(anonymous_2)
FNDA:3,(anonymous_3)
FNDA:3,(anonymous_4)
FNDA:1,(anonymous_5)
DA:6,8
DA:7,8
DA:8,1
DA:13,0
DA:18,8
DA:21,3
DA:23,3
DA:25,1
DA:33,2
LF:9
LH:8
BRF:0
BRH:0
end_of_record
TN:
SF:src\context\TasksContext.tsx
FN:22,(anonymous_0)
FN:25,(anonymous_1)
FN:26,loadTasks
FN:36,(anonymous_3)
FN:38,(anonymous_4)
FN:47,(anonymous_5)
FN:49,(anonymous_6)
FNF:7
FNH:5
FNDA:7,(anonymous_0)
FNDA:3,(anonymous_1)
FNDA:3,loadTasks
FNDA:7,(anonymous_3)
FNDA:3,(anonymous_4)
FNDA:0,(anonymous_5)
FNDA:0,(anonymous_6)
DA:4,2
DA:18,2
DA:22,2
DA:23,7
DA:25,7
DA:27,3
DA:28,3
DA:29,1
DA:32,3
DA:35,7
DA:36,7
DA:39,3
DA:40,3
DA:41,3
DA:42,3
DA:44,0
DA:48,0
DA:49,0
DA:50,0
DA:51,0
DA:53,0
DA:59,7
LF:22
LH:16
BRDA:28,0,0,1
BRDA:28,0,1,2
BRF:2
BRH:2
end_of_record
